<?xml version="1.0" encoding="UTF-8"?>
<!-- Generated by org.testng.reporters.JUnitReportReporter -->
<testsuite hostname="Nafisha" failures="0" tests="3" name="com.qa.CRM.tests.LoginPageTest" time="6.834" errors="0" timestamp="2023-01-27T03:42:25 EST" skipped="0">
  <testcase classname="com.qa.CRM.tests.LoginPageTest" name="verifyLoginPageTitleTest" time="0.044"/>
  <system-out/>
  <testcase classname="com.qa.CRM.tests.LoginPageTest" name="verifySignupLinkTest" time="0.141"/>
  <system-out/>
  <testcase classname="com.qa.CRM.tests.LoginPageTest" name="loginTest" time="6.649"/>
  <system-out/>
</testsuite> <!-- com.qa.CRM.tests.LoginPageTest -->
