<?xml version="1.0" encoding="UTF-8"?>
<!-- Generated by org.testng.reporters.JUnitReportReporter -->
<testsuite hostname="Nafisha" failures="0" tests="3" name="com.qa.CRM.tests.LoginPageTest" time="4.429" errors="0" timestamp="2023-01-30T18:42:18 EST" skipped="0">
  <testcase classname="com.qa.CRM.tests.LoginPageTest" name="verifyLoginPageTitleTest" time="0.087"/>
  <system-out/>
  <testcase classname="com.qa.CRM.tests.LoginPageTest" name="verifySignupLinkTest" time="0.098"/>
  <system-out/>
  <testcase classname="com.qa.CRM.tests.LoginPageTest" name="loginTest" time="4.244"/>
  <system-out/>
</testsuite> <!-- com.qa.CRM.tests.LoginPageTest -->
