<?xml version="1.0" encoding="UTF-8"?>
<!-- Generated by org.testng.reporters.JUnitReportReporter -->
<testsuite hostname="Nafisha" failures="0" tests="5" name="com.qa.CRM.tests.HomePageTests" time="2.305" errors="0" timestamp="2023-01-30T17:44:22 EST" skipped="0">
  <testcase classname="com.qa.CRM.tests.HomePageTests" name="homePageTitleTest" time="0.021"/>
  <system-out/>
  <testcase classname="com.qa.CRM.tests.HomePageTests" name="verifyHomePageHeaderTest" time="1.148"/>
  <system-out/>
  <testcase classname="com.qa.CRM.tests.HomePageTests" name="verifySetUpIconTest" time="0.141"/>
  <system-out/>
  <testcase classname="com.qa.CRM.tests.HomePageTests" name="verifyTheCountOfHeaderTest" time="0.016"/>
  <system-out/>
  <testcase classname="com.qa.CRM.tests.HomePageTests" name="clickOnContactsTest" time="0.979"/>
  <system-out/>
</testsuite> <!-- com.qa.CRM.tests.HomePageTests -->
