<?xml version="1.0" encoding="UTF-8"?>
<!-- Generated by org.testng.reporters.JUnitReportReporter -->
<testsuite hostname="Nafisha" failures="0" tests="4" name="com.qa.CRM.tests.ContactsPageTests" time="1.920" errors="0" timestamp="2023-01-30T17:44:22 EST" skipped="0">
  <testcase classname="com.qa.CRM.tests.ContactsPageTests" name="getTitle" time="0.016"/>
  <system-out/>
  <testcase classname="com.qa.CRM.tests.ContactsPageTests" name="clickOnContactsTest" time="0.936"/>
  <system-out/>
  <testcase classname="com.qa.CRM.tests.ContactsPageTests" name="contactNameTest" time="0.025"/>
  <system-out/>
  <testcase classname="com.qa.CRM.tests.ContactsPageTests" name="clickOnContactDeeptiTest" time="0.943"/>
  <system-out/>
</testsuite> <!-- com.qa.CRM.tests.ContactsPageTests -->
