<?xml version="1.0" encoding="UTF-8"?>
<!-- Generated by org.testng.reporters.JUnitReportReporter -->
<testsuite hostname="Nafisha" failures="0" tests="5" name="com.qa.CRM.tests.HomePageTests" time="2.705" errors="0" timestamp="2023-02-01T20:38:36 EST" skipped="0">
  <testcase classname="com.qa.CRM.tests.HomePageTests" name="homePageTitleTest" time="0.056"/>
  <system-out/>
  <testcase classname="com.qa.CRM.tests.HomePageTests" name="verifyHomePageHeaderTest" time="1.372"/>
  <system-out/>
  <testcase classname="com.qa.CRM.tests.HomePageTests" name="verifySetUpIconTest" time="0.217"/>
  <system-out/>
  <testcase classname="com.qa.CRM.tests.HomePageTests" name="verifyTheCountOfHeaderTest" time="0.014"/>
  <system-out/>
  <testcase classname="com.qa.CRM.tests.HomePageTests" name="clickOnContactsTest" time="1.046"/>
  <system-out/>
</testsuite> <!-- com.qa.CRM.tests.HomePageTests -->
