<?xml version="1.0" encoding="UTF-8"?>
<!-- Generated by org.testng.reporters.JUnitReportReporter -->
<testsuite hostname="Nafisha" failures="0" tests="4" name="com.qa.CRM.tests.ContactsPageTests" time="2.489" errors="0" timestamp="2023-01-30T15:07:37 EST" skipped="0">
  <testcase classname="com.qa.CRM.tests.ContactsPageTests" name="getTitle" time="0.016"/>
  <system-out/>
  <testcase classname="com.qa.CRM.tests.ContactsPageTests" name="clickOnContactsTest" time="1.528"/>
  <system-out/>
  <testcase classname="com.qa.CRM.tests.ContactsPageTests" name="contactNameTest" time="0.024"/>
  <system-out/>
  <testcase classname="com.qa.CRM.tests.ContactsPageTests" name="clickOnContactDeeptiTest" time="0.921"/>
  <system-out/>
</testsuite> <!-- com.qa.CRM.tests.ContactsPageTests -->
