<?xml version="1.0" encoding="UTF-8"?>
<!-- Generated by org.testng.reporters.JUnitReportReporter -->
<testsuite hostname="Nafisha" failures="0" tests="5" name="com.qa.CRM.tests.HomePageTests" time="6.511" errors="0" timestamp="2023-01-27T03:42:25 EST" skipped="0">
  <testcase classname="com.qa.CRM.tests.HomePageTests" name="homePageTitleTest" time="0.026"/>
  <system-out/>
  <testcase classname="com.qa.CRM.tests.HomePageTests" name="verifyHomePageHeaderTest" time="3.209"/>
  <system-out/>
  <testcase classname="com.qa.CRM.tests.HomePageTests" name="verifySetUpIconTest" time="0.419"/>
  <system-out/>
  <testcase classname="com.qa.CRM.tests.HomePageTests" name="verifyTheCountOfHeaderTest" time="0.027"/>
  <system-out/>
  <testcase classname="com.qa.CRM.tests.HomePageTests" name="clickOnContactsTest" time="2.830"/>
  <system-out/>
</testsuite> <!-- com.qa.CRM.tests.HomePageTests -->
