<?xml version="1.0" encoding="UTF-8"?>
<!-- Generated by org.testng.reporters.JUnitReportReporter -->
<testsuite hostname="Nafisha" failures="0" tests="4" name="com.qa.CRM.tests.ContactsPageTests" time="2.296" errors="0" timestamp="2023-02-01T20:38:36 EST" skipped="0">
  <testcase classname="com.qa.CRM.tests.ContactsPageTests" name="getTitle" time="0.032"/>
  <system-out/>
  <testcase classname="com.qa.CRM.tests.ContactsPageTests" name="clickOnContactsTest" time="1.143"/>
  <system-out/>
  <testcase classname="com.qa.CRM.tests.ContactsPageTests" name="contactNameTest" time="0.057"/>
  <system-out/>
  <testcase classname="com.qa.CRM.tests.ContactsPageTests" name="clickOnContactDeeptiTest" time="1.064"/>
  <system-out/>
</testsuite> <!-- com.qa.CRM.tests.ContactsPageTests -->
