<?xml version="1.0" encoding="UTF-8"?>
<!-- Generated by org.testng.reporters.JUnitReportReporter -->
<testsuite hostname="Nafisha" failures="0" tests="5" name="com.qa.CRM.tests.HomePageTests" time="2.202" errors="0" timestamp="2023-01-30T18:42:18 EST" skipped="0">
  <testcase classname="com.qa.CRM.tests.HomePageTests" name="homePageTitleTest" time="0.018"/>
  <system-out/>
  <testcase classname="com.qa.CRM.tests.HomePageTests" name="verifyHomePageHeaderTest" time="1.211"/>
  <system-out/>
  <testcase classname="com.qa.CRM.tests.HomePageTests" name="verifySetUpIconTest" time="0.201"/>
  <system-out/>
  <testcase classname="com.qa.CRM.tests.HomePageTests" name="verifyTheCountOfHeaderTest" time="0.019"/>
  <system-out/>
  <testcase classname="com.qa.CRM.tests.HomePageTests" name="clickOnContactsTest" time="0.753"/>
  <system-out/>
</testsuite> <!-- com.qa.CRM.tests.HomePageTests -->
