<?xml version="1.0" encoding="UTF-8"?>
<!-- Generated by org.testng.reporters.JUnitReportReporter -->
<testsuite hostname="Nafisha" failures="0" tests="4" name="com.qa.CRM.tests.ContactsPageTests" time="2.146" errors="0" timestamp="2023-01-30T18:42:18 EST" skipped="0">
  <testcase classname="com.qa.CRM.tests.ContactsPageTests" name="getTitle" time="0.019"/>
  <system-out/>
  <testcase classname="com.qa.CRM.tests.ContactsPageTests" name="clickOnContactsTest" time="1.130"/>
  <system-out/>
  <testcase classname="com.qa.CRM.tests.ContactsPageTests" name="contactNameTest" time="0.029"/>
  <system-out/>
  <testcase classname="com.qa.CRM.tests.ContactsPageTests" name="clickOnContactDeeptiTest" time="0.968"/>
  <system-out/>
</testsuite> <!-- com.qa.CRM.tests.ContactsPageTests -->
