<?xml version="1.0" encoding="UTF-8"?>
<!-- Generated by org.testng.reporters.JUnitReportReporter -->
<testsuite hostname="Nafisha" failures="0" tests="5" name="com.qa.CRM.tests.DeeptiContactsTests" time="2.097" errors="0" timestamp="2023-01-30T17:44:22 EST" skipped="0">
  <testcase classname="com.qa.CRM.tests.DeeptiContactsTests" name="getThePageTitle" time="0.013"/>
  <system-out/>
  <testcase classname="com.qa.CRM.tests.DeeptiContactsTests" name="clickOnContactsTest" time="1.091"/>
  <system-out/>
  <testcase classname="com.qa.CRM.tests.DeeptiContactsTests" name="getDeeptiContactsTest" time="0.927"/>
  <system-out/>
  <testcase classname="com.qa.CRM.tests.DeeptiContactsTests" name="getCompanyNameTest" time="0.037"/>
  <system-out/>
  <testcase classname="com.qa.CRM.tests.DeeptiContactsTests" name="getMobileNameTest" time="0.029"/>
  <system-out/>
</testsuite> <!-- com.qa.CRM.tests.DeeptiContactsTests -->
