<?xml version="1.0" encoding="UTF-8"?>
<!-- Generated by org.testng.reporters.JUnitReportReporter -->
<testsuite hostname="Nafisha" failures="0" tests="5" name="com.qa.CRM.tests.DeeptiContactsTests" time="2.217" errors="0" timestamp="2023-02-01T20:38:36 EST" skipped="0">
  <testcase classname="com.qa.CRM.tests.DeeptiContactsTests" name="getThePageTitle" time="0.034"/>
  <system-out/>
  <testcase classname="com.qa.CRM.tests.DeeptiContactsTests" name="clickOnContactsTest" time="1.039"/>
  <system-out/>
  <testcase classname="com.qa.CRM.tests.DeeptiContactsTests" name="getDeeptiContactsTest" time="1.058"/>
  <system-out/>
  <testcase classname="com.qa.CRM.tests.DeeptiContactsTests" name="getCompanyNameTest" time="0.043"/>
  <system-out/>
  <testcase classname="com.qa.CRM.tests.DeeptiContactsTests" name="getMobileNameTest" time="0.043"/>
  <system-out/>
</testsuite> <!-- com.qa.CRM.tests.DeeptiContactsTests -->
