<?xml version="1.0" encoding="UTF-8"?>
<!-- Generated by org.testng.reporters.JUnitReportReporter -->
<testsuite hostname="Nafisha" failures="0" tests="5" name="com.qa.CRM.tests.HomePageTests" time="2.137" errors="0" timestamp="2023-01-30T15:07:37 EST" skipped="0">
  <testcase classname="com.qa.CRM.tests.HomePageTests" name="homePageTitleTest" time="0.011"/>
  <system-out/>
  <testcase classname="com.qa.CRM.tests.HomePageTests" name="verifyHomePageHeaderTest" time="1.197"/>
  <system-out/>
  <testcase classname="com.qa.CRM.tests.HomePageTests" name="verifySetUpIconTest" time="0.137"/>
  <system-out/>
  <testcase classname="com.qa.CRM.tests.HomePageTests" name="verifyTheCountOfHeaderTest" time="0.023"/>
  <system-out/>
  <testcase classname="com.qa.CRM.tests.HomePageTests" name="clickOnContactsTest" time="0.769"/>
  <system-out/>
</testsuite> <!-- com.qa.CRM.tests.HomePageTests -->
