<?xml version="1.0" encoding="UTF-8"?>
<!-- Generated by org.testng.reporters.JUnitReportReporter -->
<testsuite hostname="Nafisha" failures="0" tests="5" name="com.qa.CRM.tests.DeeptiContactsTests" time="2.187" errors="0" timestamp="2023-01-30T18:42:18 EST" skipped="0">
  <testcase classname="com.qa.CRM.tests.DeeptiContactsTests" name="getThePageTitle" time="0.012"/>
  <system-out/>
  <testcase classname="com.qa.CRM.tests.DeeptiContactsTests" name="clickOnContactsTest" time="1.117"/>
  <system-out/>
  <testcase classname="com.qa.CRM.tests.DeeptiContactsTests" name="getDeeptiContactsTest" time="0.990"/>
  <system-out/>
  <testcase classname="com.qa.CRM.tests.DeeptiContactsTests" name="getCompanyNameTest" time="0.033"/>
  <system-out/>
  <testcase classname="com.qa.CRM.tests.DeeptiContactsTests" name="getMobileNameTest" time="0.035"/>
  <system-out/>
</testsuite> <!-- com.qa.CRM.tests.DeeptiContactsTests -->
