<?xml version="1.0" encoding="UTF-8"?>
<!-- Generated by org.testng.reporters.JUnitReportReporter -->
<testsuite hostname="Nafisha" failures="0" tests="3" name="com.qa.CRM.tests.LoginPageTest" time="4.557" errors="0" timestamp="2023-02-03T14:32:43 EST" skipped="0">
  <testcase classname="com.qa.CRM.tests.LoginPageTest" name="verifyLoginPageTitleTest" time="0.025"/>
  <system-out/>
  <testcase classname="com.qa.CRM.tests.LoginPageTest" name="verifySignupLinkTest" time="0.110"/>
  <system-out/>
  <testcase classname="com.qa.CRM.tests.LoginPageTest" name="loginTest" time="4.422"/>
  <system-out/>
</testsuite> <!-- com.qa.CRM.tests.LoginPageTest -->
