<?xml version="1.0" encoding="UTF-8"?>
<!-- Generated by org.testng.reporters.JUnitReportReporter -->
<testsuite hostname="Nafisha" failures="0" tests="3" name="com.qa.CRM.tests.LoginPageTest" time="1.173" errors="0" timestamp="2023-02-03T19:11:51 EST" skipped="0">
  <testcase classname="com.qa.CRM.tests.LoginPageTest" name="verifyLoginPageTitleTest" time="0.017"/>
  <system-out/>
  <testcase classname="com.qa.CRM.tests.LoginPageTest" name="verifySignupLinkTest" time="0.176"/>
  <system-out/>
  <testcase classname="com.qa.CRM.tests.LoginPageTest" name="loginTest" time="0.980"/>
  <system-out/>
</testsuite> <!-- com.qa.CRM.tests.LoginPageTest -->
